<?xml version="1.0" encoding="UTF-8" ?>
<testsuite tests="10" failures="9" name="com.devemg.data.dao.TestProducts" time="0.012" errors="0" skipped="0">
  <properties>
    <property name="java.runtime.name" value="OpenJDK Runtime Environment"/>
    <property name="java.vm.version" value="21.0.7+6-Ubuntu-0ubuntu122.04"/>
    <property name="sun.boot.library.path" value="/usr/lib/jvm/java-21-openjdk-amd64/lib"/>
    <property name="maven.multiModuleProjectDirectory" value="/home/lucas/Documentos/atividade de teste de software/java101-crud-jdbc-master"/>
    <property name="java.vm.vendor" value="Ubuntu"/>
    <property name="java.vendor.url" value="https://ubuntu.com/"/>
    <property name="guice.disable.misplaced.annotation.check" value="true"/>
    <property name="path.separator" value=":"/>
    <property name="java.vm.name" value="OpenJDK 64-Bit Server VM"/>
    <property name="user.country" value="BR"/>
    <property name="sun.java.launcher" value="SUN_STANDARD"/>
    <property name="java.vm.specification.name" value="Java Virtual Machine Specification"/>
    <property name="user.dir" value="/home/lucas/Documentos/atividade de teste de software/java101-crud-jdbc-master"/>
    <property name="java.vm.compressedOopsMode" value="32-bit"/>
    <property name="java.runtime.version" value="21.0.7+6-Ubuntu-0ubuntu122.04"/>
    <property name="os.arch" value="amd64"/>
    <property name="java.io.tmpdir" value="/tmp"/>
    <property name="line.separator" value="
"/>
    <property name="java.vm.specification.vendor" value="Oracle Corporation"/>
    <property name="stderr.encoding" value="UTF-8"/>
    <property name="os.name" value="Linux"/>
    <property name="classworlds.conf" value="/usr/share/maven/bin/m2.conf"/>
    <property name="sun.jnu.encoding" value="UTF-8"/>
    <property name="stdout.encoding" value="UTF-8"/>
    <property name="java.library.path" value="/usr/java/packages/lib:/usr/lib/x86_64-linux-gnu/jni:/lib/x86_64-linux-gnu:/usr/lib/x86_64-linux-gnu:/usr/lib/jni:/lib:/usr/lib"/>
    <property name="maven.conf" value="/usr/share/maven/conf"/>
    <property name="jdk.debug" value="release"/>
    <property name="java.class.version" value="65.0"/>
    <property name="java.specification.name" value="Java Platform API Specification"/>
    <property name="sun.management.compiler" value="HotSpot 64-Bit Tiered Compilers"/>
    <property name="os.version" value="6.8.0-59-generic"/>
    <property name="library.jansi.path" value="/usr/share/maven/lib/jansi-native"/>
    <property name="user.home" value="/home/lucas"/>
    <property name="user.timezone" value="America/Bahia"/>
    <property name="file.encoding" value="UTF-8"/>
    <property name="java.specification.version" value="21"/>
    <property name="user.name" value="lucas"/>
    <property name="java.class.path" value="/usr/share/maven/boot/plexus-classworlds-2.x.jar"/>
    <property name="java.vm.specification.version" value="21"/>
    <property name="sun.arch.data.model" value="64"/>
    <property name="sun.java.command" value="org.codehaus.plexus.classworlds.launcher.Launcher clean test"/>
    <property name="java.home" value="/usr/lib/jvm/java-21-openjdk-amd64"/>
    <property name="user.language" value="pt"/>
    <property name="java.specification.vendor" value="Oracle Corporation"/>
    <property name="java.vm.info" value="mixed mode, sharing"/>
    <property name="java.version" value="21.0.7"/>
    <property name="native.encoding" value="UTF-8"/>
    <property name="java.vendor" value="Ubuntu"/>
    <property name="maven.home" value="/usr/share/maven"/>
    <property name="file.separator" value="/"/>
    <property name="java.version.date" value="2025-04-15"/>
    <property name="java.vendor.url.bug" value="https://bugs.launchpad.net/ubuntu/+source/openjdk-21"/>
    <property name="sun.io.unicode.encoding" value="UnicodeLittle"/>
    <property name="sun.cpu.endian" value="little"/>
  </properties>
  <testcase classname="com.devemg.data.dao.TestProducts" name="com.devemg.data.dao.TestProducts.testeInsercaoValida" time="0.001">
    <failure message="Cannot invoke &quot;com.devemg.data.dao.ProductDAO.insert(com.devemg.data.entities.Product)&quot; because &quot;this.dao&quot; is null" type="java.lang.NullPointerException">java.lang.NullPointerException: Cannot invoke &quot;com.devemg.data.dao.ProductDAO.insert(com.devemg.data.entities.Product)&quot; because &quot;this.dao&quot; is null
	at com.devemg.data.dao.TestProducts.testeInsercaoValida(TestProducts.java:48)
</failure>
  </testcase>
  <testcase classname="com.devemg.data.dao.TestProducts" name="com.devemg.data.dao.TestProducts.testeInsercaoNomeNulo" time="0">
    <failure message="Cannot invoke &quot;com.devemg.data.dao.ProductDAO.insert(com.devemg.data.entities.Product)&quot; because &quot;this.dao&quot; is null" type="java.lang.NullPointerException">java.lang.NullPointerException: Cannot invoke &quot;com.devemg.data.dao.ProductDAO.insert(com.devemg.data.entities.Product)&quot; because &quot;this.dao&quot; is null
	at com.devemg.data.dao.TestProducts.testeInsercaoNomeNulo(TestProducts.java:55)
</failure>
  </testcase>
  <testcase classname="com.devemg.data.dao.TestProducts" name="com.devemg.data.dao.TestProducts.testeSelecaoProdutoExistente" time="0">
    <failure message="Cannot invoke &quot;com.devemg.data.dao.ProductDAO.insert(com.devemg.data.entities.Product)&quot; because &quot;this.dao&quot; is null" type="java.lang.NullPointerException">java.lang.NullPointerException: Cannot invoke &quot;com.devemg.data.dao.ProductDAO.insert(com.devemg.data.entities.Product)&quot; because &quot;this.dao&quot; is null
	at com.devemg.data.dao.TestProducts.testeSelecaoProdutoExistente(TestProducts.java:62)
</failure>
  </testcase>
  <testcase classname="com.devemg.data.dao.TestProducts" name="com.devemg.data.dao.TestProducts.testeSelecaoProdutoInexistente" time="0">
    <failure message="Cannot invoke &quot;com.devemg.data.dao.ProductDAO.select(int)&quot; because &quot;this.dao&quot; is null" type="java.lang.NullPointerException">java.lang.NullPointerException: Cannot invoke &quot;com.devemg.data.dao.ProductDAO.select(int)&quot; because &quot;this.dao&quot; is null
	at com.devemg.data.dao.TestProducts.testeSelecaoProdutoInexistente(TestProducts.java:74)
</failure>
  </testcase>
  <testcase classname="com.devemg.data.dao.TestProducts" name="com.devemg.data.dao.TestProducts.testeAtualizacaoValida" time="0">
    <failure message="Cannot invoke &quot;com.devemg.data.dao.ProductDAO.insert(com.devemg.data.entities.Product)&quot; because &quot;this.dao&quot; is null" type="java.lang.NullPointerException">java.lang.NullPointerException: Cannot invoke &quot;com.devemg.data.dao.ProductDAO.insert(com.devemg.data.entities.Product)&quot; because &quot;this.dao&quot; is null
	at com.devemg.data.dao.TestProducts.testeAtualizacaoValida(TestProducts.java:81)
</failure>
  </testcase>
  <testcase classname="com.devemg.data.dao.TestProducts" name="com.devemg.data.dao.TestProducts.testeAtualizacaoProdutoInexistente" time="0">
    <failure message="Cannot invoke &quot;com.devemg.data.dao.ProductDAO.update(com.devemg.data.entities.Product)&quot; because &quot;this.dao&quot; is null" type="java.lang.NullPointerException">java.lang.NullPointerException: Cannot invoke &quot;com.devemg.data.dao.ProductDAO.update(com.devemg.data.entities.Product)&quot; because &quot;this.dao&quot; is null
	at com.devemg.data.dao.TestProducts.testeAtualizacaoProdutoInexistente(TestProducts.java:95)
</failure>
  </testcase>
  <testcase classname="com.devemg.data.dao.TestProducts" name="com.devemg.data.dao.TestProducts.testeRemocaoProdutoExistente" time="0">
    <failure message="Cannot invoke &quot;com.devemg.data.dao.ProductDAO.insert(com.devemg.data.entities.Product)&quot; because &quot;this.dao&quot; is null" type="java.lang.NullPointerException">java.lang.NullPointerException: Cannot invoke &quot;com.devemg.data.dao.ProductDAO.insert(com.devemg.data.entities.Product)&quot; because &quot;this.dao&quot; is null
	at com.devemg.data.dao.TestProducts.testeRemocaoProdutoExistente(TestProducts.java:102)
</failure>
  </testcase>
  <testcase classname="com.devemg.data.dao.TestProducts" name="com.devemg.data.dao.TestProducts.testeRemocaoProdutoInexistente" time="0">
    <failure message="Cannot invoke &quot;com.devemg.data.dao.ProductDAO.delete(int)&quot; because &quot;this.dao&quot; is null" type="java.lang.NullPointerException">java.lang.NullPointerException: Cannot invoke &quot;com.devemg.data.dao.ProductDAO.delete(int)&quot; because &quot;this.dao&quot; is null
	at com.devemg.data.dao.TestProducts.testeRemocaoProdutoInexistente(TestProducts.java:113)
</failure>
  </testcase>
  <testcase classname="com.devemg.data.dao.TestProducts" name="com.devemg.data.dao.TestProducts.testeListagemProdutos" time="0">
    <failure message="Cannot invoke &quot;com.devemg.data.dao.ProductDAO.insert(com.devemg.data.entities.Product)&quot; because &quot;this.dao&quot; is null" type="java.lang.NullPointerException">java.lang.NullPointerException: Cannot invoke &quot;com.devemg.data.dao.ProductDAO.insert(com.devemg.data.entities.Product)&quot; because &quot;this.dao&quot; is null
	at com.devemg.data.dao.TestProducts.testeListagemProdutos(TestProducts.java:119)
</failure>
  </testcase>
  <testcase classname="com.devemg.data.dao.TestProducts" name="com.devemg.data.dao.TestProducts.testeToStringProduto" time="0.011"/>
</testsuite>